2013-03-04 18:04:14,254 - Log4JLogChute initialized using file 'velocity.log'
2013-03-04 18:04:14,255 - Initializing Velocity, Calling init()...
2013-03-04 18:04:14,255 - Starting Apache Velocity v1.7 (compiled: 2010-11-19 12:14:37)
2013-03-04 18:04:14,255 - Default Properties File: org/apache/velocity/runtime/defaults/velocity.properties
2013-03-04 18:04:14,255 - Trying to use logger class org.apache.velocity.runtime.log.AvalonLogChute
2013-03-04 18:04:14,255 - Target log system for org.apache.velocity.runtime.log.AvalonLogChute is not available (java.lang.NoClassDefFoundError: org/apache/log/format/Formatter).  Falling back to next log system...
2013-03-04 18:04:14,255 - Trying to use logger class org.apache.velocity.runtime.log.Log4JLogChute
2013-03-04 18:04:14,255 - Using logger class org.apache.velocity.runtime.log.Log4JLogChute
2013-03-04 18:04:14,262 - ResourceLoader instantiated: org.apache.velocity.runtime.resource.loader.FileResourceLoader
2013-03-04 18:04:14,263 - Do unicode file recognition:  false
2013-03-04 18:04:14,263 - FileResourceLoader : adding path '.'
2013-03-04 18:04:14,297 - ResourceCache: initialized (class org.apache.velocity.runtime.resource.ResourceCacheImpl) with class java.util.Collections$SynchronizedMap cache map.
2013-03-04 18:04:14,298 - Loaded System Directive: org.apache.velocity.runtime.directive.Stop
2013-03-04 18:04:14,299 - Loaded System Directive: org.apache.velocity.runtime.directive.Define
2013-03-04 18:04:14,300 - Loaded System Directive: org.apache.velocity.runtime.directive.Break
2013-03-04 18:04:14,301 - Loaded System Directive: org.apache.velocity.runtime.directive.Evaluate
2013-03-04 18:04:14,301 - Loaded System Directive: org.apache.velocity.runtime.directive.Literal
2013-03-04 18:04:14,303 - Loaded System Directive: org.apache.velocity.runtime.directive.Macro
2013-03-04 18:04:14,304 - Loaded System Directive: org.apache.velocity.runtime.directive.Parse
2013-03-04 18:04:14,305 - Loaded System Directive: org.apache.velocity.runtime.directive.Include
2013-03-04 18:04:14,305 - Loaded System Directive: org.apache.velocity.runtime.directive.Foreach
2013-03-04 18:04:14,337 - Created '20' parsers.
2013-03-04 18:04:14,343 - Velocimacro : "velocimacro.library" is not set.  Trying default library: VM_global_library.vm
2013-03-04 18:04:14,343 - Velocimacro : Default library not found.
2013-03-04 18:04:14,343 - Velocimacro : allowInline = true : VMs can be defined inline in templates
2013-03-04 18:04:14,343 - Velocimacro : allowInlineToOverride = false : VMs defined inline may NOT replace previous VM definitions
2013-03-04 18:04:14,343 - Velocimacro : allowInlineLocal = false : VMs defined inline will be global in scope if allowed.
2013-03-04 18:04:14,343 - Velocimacro : autoload off : VM system will not automatically reload global library macros
2013-03-04 18:07:52,878 - Log4JLogChute initialized using file 'velocity.log'
2013-03-04 18:07:52,879 - Initializing Velocity, Calling init()...
2013-03-04 18:07:52,879 - Starting Apache Velocity v1.7 (compiled: 2010-11-19 12:14:37)
2013-03-04 18:07:52,879 - Default Properties File: org/apache/velocity/runtime/defaults/velocity.properties
2013-03-04 18:07:52,879 - Trying to use logger class org.apache.velocity.runtime.log.AvalonLogChute
2013-03-04 18:07:52,879 - Target log system for org.apache.velocity.runtime.log.AvalonLogChute is not available (java.lang.NoClassDefFoundError: org/apache/log/format/Formatter).  Falling back to next log system...
2013-03-04 18:07:52,879 - Trying to use logger class org.apache.velocity.runtime.log.Log4JLogChute
2013-03-04 18:07:52,879 - Using logger class org.apache.velocity.runtime.log.Log4JLogChute
2013-03-04 18:07:52,883 - ResourceLoader instantiated: org.apache.velocity.runtime.resource.loader.FileResourceLoader
2013-03-04 18:07:52,883 - Do unicode file recognition:  false
2013-03-04 18:07:52,883 - FileResourceLoader : adding path '.'
2013-03-04 18:07:52,899 - ResourceCache: initialized (class org.apache.velocity.runtime.resource.ResourceCacheImpl) with class java.util.Collections$SynchronizedMap cache map.
2013-03-04 18:07:52,901 - Loaded System Directive: org.apache.velocity.runtime.directive.Stop
2013-03-04 18:07:52,902 - Loaded System Directive: org.apache.velocity.runtime.directive.Define
2013-03-04 18:07:52,902 - Loaded System Directive: org.apache.velocity.runtime.directive.Break
2013-03-04 18:07:52,903 - Loaded System Directive: org.apache.velocity.runtime.directive.Evaluate
2013-03-04 18:07:52,903 - Loaded System Directive: org.apache.velocity.runtime.directive.Literal
2013-03-04 18:07:52,904 - Loaded System Directive: org.apache.velocity.runtime.directive.Macro
2013-03-04 18:07:52,905 - Loaded System Directive: org.apache.velocity.runtime.directive.Parse
2013-03-04 18:07:52,905 - Loaded System Directive: org.apache.velocity.runtime.directive.Include
2013-03-04 18:07:52,906 - Loaded System Directive: org.apache.velocity.runtime.directive.Foreach
2013-03-04 18:07:52,931 - Created '20' parsers.
2013-03-04 18:07:52,935 - Velocimacro : "velocimacro.library" is not set.  Trying default library: VM_global_library.vm
2013-03-04 18:07:52,936 - Velocimacro : Default library not found.
2013-03-04 18:07:52,936 - Velocimacro : allowInline = true : VMs can be defined inline in templates
2013-03-04 18:07:52,936 - Velocimacro : allowInlineToOverride = false : VMs defined inline may NOT replace previous VM definitions
2013-03-04 18:07:52,936 - Velocimacro : allowInlineLocal = false : VMs defined inline will be global in scope if allowed.
2013-03-04 18:07:52,936 - Velocimacro : autoload off : VM system will not automatically reload global library macros
2013-03-04 18:12:00,685 - Log4JLogChute initialized using file 'velocity.log'
2013-03-04 18:12:00,686 - Initializing Velocity, Calling init()...
2013-03-04 18:12:00,686 - Starting Apache Velocity v1.7 (compiled: 2010-11-19 12:14:37)
2013-03-04 18:12:00,686 - Default Properties File: org/apache/velocity/runtime/defaults/velocity.properties
2013-03-04 18:12:00,686 - Trying to use logger class org.apache.velocity.runtime.log.AvalonLogChute
2013-03-04 18:12:00,686 - Target log system for org.apache.velocity.runtime.log.AvalonLogChute is not available (java.lang.NoClassDefFoundError: org/apache/log/format/Formatter).  Falling back to next log system...
2013-03-04 18:12:00,686 - Trying to use logger class org.apache.velocity.runtime.log.Log4JLogChute
2013-03-04 18:12:00,686 - Using logger class org.apache.velocity.runtime.log.Log4JLogChute
2013-03-04 18:12:00,689 - ResourceLoader instantiated: org.apache.velocity.runtime.resource.loader.FileResourceLoader
2013-03-04 18:12:00,690 - Do unicode file recognition:  false
2013-03-04 18:12:00,690 - FileResourceLoader : adding path '.'
2013-03-04 18:12:00,706 - ResourceCache: initialized (class org.apache.velocity.runtime.resource.ResourceCacheImpl) with class java.util.Collections$SynchronizedMap cache map.
2013-03-04 18:12:00,707 - Loaded System Directive: org.apache.velocity.runtime.directive.Stop
2013-03-04 18:12:00,708 - Loaded System Directive: org.apache.velocity.runtime.directive.Define
2013-03-04 18:12:00,708 - Loaded System Directive: org.apache.velocity.runtime.directive.Break
2013-03-04 18:12:00,709 - Loaded System Directive: org.apache.velocity.runtime.directive.Evaluate
2013-03-04 18:12:00,709 - Loaded System Directive: org.apache.velocity.runtime.directive.Literal
2013-03-04 18:12:00,710 - Loaded System Directive: org.apache.velocity.runtime.directive.Macro
2013-03-04 18:12:00,711 - Loaded System Directive: org.apache.velocity.runtime.directive.Parse
2013-03-04 18:12:00,712 - Loaded System Directive: org.apache.velocity.runtime.directive.Include
2013-03-04 18:12:00,713 - Loaded System Directive: org.apache.velocity.runtime.directive.Foreach
2013-03-04 18:12:00,737 - Created '20' parsers.
2013-03-04 18:12:00,742 - Velocimacro : "velocimacro.library" is not set.  Trying default library: VM_global_library.vm
2013-03-04 18:12:00,742 - Velocimacro : Default library not found.
2013-03-04 18:12:00,742 - Velocimacro : allowInline = true : VMs can be defined inline in templates
2013-03-04 18:12:00,742 - Velocimacro : allowInlineToOverride = false : VMs defined inline may NOT replace previous VM definitions
2013-03-04 18:12:00,755 - Velocimacro : allowInlineLocal = false : VMs defined inline will be global in scope if allowed.
2013-03-04 18:12:00,755 - Velocimacro : autoload off : VM system will not automatically reload global library macros
2013-03-04 18:32:22,526 - Log4JLogChute initialized using file 'velocity.log'
2013-03-04 18:32:22,541 - Initializing Velocity, Calling init()...
2013-03-04 18:32:22,541 - Starting Apache Velocity v1.7 (compiled: 2010-11-19 12:14:37)
2013-03-04 18:32:22,541 - Default Properties File: org/apache/velocity/runtime/defaults/velocity.properties
2013-03-04 18:32:22,541 - Trying to use logger class org.apache.velocity.runtime.log.AvalonLogChute
2013-03-04 18:32:22,541 - Target log system for org.apache.velocity.runtime.log.AvalonLogChute is not available (java.lang.NoClassDefFoundError: org/apache/log/format/Formatter).  Falling back to next log system...
2013-03-04 18:32:22,541 - Trying to use logger class org.apache.velocity.runtime.log.Log4JLogChute
2013-03-04 18:32:22,541 - Using logger class org.apache.velocity.runtime.log.Log4JLogChute
2013-03-04 18:32:22,545 - ResourceLoader instantiated: org.apache.velocity.runtime.resource.loader.FileResourceLoader
2013-03-04 18:32:22,546 - Do unicode file recognition:  false
2013-03-04 18:32:22,546 - FileResourceLoader : adding path '.'
2013-03-04 18:32:22,560 - ResourceCache: initialized (class org.apache.velocity.runtime.resource.ResourceCacheImpl) with class java.util.Collections$SynchronizedMap cache map.
2013-03-04 18:32:22,561 - Loaded System Directive: org.apache.velocity.runtime.directive.Stop
2013-03-04 18:32:22,562 - Loaded System Directive: org.apache.velocity.runtime.directive.Define
2013-03-04 18:32:22,562 - Loaded System Directive: org.apache.velocity.runtime.directive.Break
2013-03-04 18:32:22,563 - Loaded System Directive: org.apache.velocity.runtime.directive.Evaluate
2013-03-04 18:32:22,563 - Loaded System Directive: org.apache.velocity.runtime.directive.Literal
2013-03-04 18:32:22,564 - Loaded System Directive: org.apache.velocity.runtime.directive.Macro
2013-03-04 18:32:22,565 - Loaded System Directive: org.apache.velocity.runtime.directive.Parse
2013-03-04 18:32:22,566 - Loaded System Directive: org.apache.velocity.runtime.directive.Include
2013-03-04 18:32:22,567 - Loaded System Directive: org.apache.velocity.runtime.directive.Foreach
2013-03-04 18:32:22,592 - Created '20' parsers.
2013-03-04 18:32:22,597 - Velocimacro : "velocimacro.library" is not set.  Trying default library: VM_global_library.vm
2013-03-04 18:32:22,597 - Velocimacro : Default library not found.
2013-03-04 18:32:22,597 - Velocimacro : allowInline = true : VMs can be defined inline in templates
2013-03-04 18:32:22,597 - Velocimacro : allowInlineToOverride = false : VMs defined inline may NOT replace previous VM definitions
2013-03-04 18:32:22,597 - Velocimacro : allowInlineLocal = false : VMs defined inline will be global in scope if allowed.
2013-03-04 18:32:22,597 - Velocimacro : autoload off : VM system will not automatically reload global library macros
2013-03-04 18:35:12,864 - Log4JLogChute initialized using file 'velocity.log'
2013-03-04 18:35:12,865 - Initializing Velocity, Calling init()...
2013-03-04 18:35:12,865 - Starting Apache Velocity v1.7 (compiled: 2010-11-19 12:14:37)
2013-03-04 18:35:12,865 - Default Properties File: org/apache/velocity/runtime/defaults/velocity.properties
2013-03-04 18:35:12,865 - Trying to use logger class org.apache.velocity.runtime.log.AvalonLogChute
2013-03-04 18:35:12,865 - Target log system for org.apache.velocity.runtime.log.AvalonLogChute is not available (java.lang.NoClassDefFoundError: org/apache/log/format/Formatter).  Falling back to next log system...
2013-03-04 18:35:12,865 - Trying to use logger class org.apache.velocity.runtime.log.Log4JLogChute
2013-03-04 18:35:12,865 - Using logger class org.apache.velocity.runtime.log.Log4JLogChute
2013-03-04 18:35:12,868 - ResourceLoader instantiated: org.apache.velocity.runtime.resource.loader.FileResourceLoader
2013-03-04 18:35:12,874 - Do unicode file recognition:  false
2013-03-04 18:35:12,874 - FileResourceLoader : adding path '.'
2013-03-04 18:35:12,887 - ResourceCache: initialized (class org.apache.velocity.runtime.resource.ResourceCacheImpl) with class java.util.Collections$SynchronizedMap cache map.
2013-03-04 18:35:12,888 - Loaded System Directive: org.apache.velocity.runtime.directive.Stop
2013-03-04 18:35:12,889 - Loaded System Directive: org.apache.velocity.runtime.directive.Define
2013-03-04 18:35:12,890 - Loaded System Directive: org.apache.velocity.runtime.directive.Break
2013-03-04 18:35:12,890 - Loaded System Directive: org.apache.velocity.runtime.directive.Evaluate
2013-03-04 18:35:12,891 - Loaded System Directive: org.apache.velocity.runtime.directive.Literal
2013-03-04 18:35:12,891 - Loaded System Directive: org.apache.velocity.runtime.directive.Macro
2013-03-04 18:35:12,892 - Loaded System Directive: org.apache.velocity.runtime.directive.Parse
2013-03-04 18:35:12,893 - Loaded System Directive: org.apache.velocity.runtime.directive.Include
2013-03-04 18:35:12,894 - Loaded System Directive: org.apache.velocity.runtime.directive.Foreach
2013-03-04 18:35:12,918 - Created '20' parsers.
2013-03-04 18:35:12,923 - Velocimacro : "velocimacro.library" is not set.  Trying default library: VM_global_library.vm
2013-03-04 18:35:12,923 - Velocimacro : Default library not found.
2013-03-04 18:35:12,923 - Velocimacro : allowInline = true : VMs can be defined inline in templates
2013-03-04 18:35:12,923 - Velocimacro : allowInlineToOverride = false : VMs defined inline may NOT replace previous VM definitions
2013-03-04 18:35:12,923 - Velocimacro : allowInlineLocal = false : VMs defined inline will be global in scope if allowed.
2013-03-04 18:35:12,923 - Velocimacro : autoload off : VM system will not automatically reload global library macros
2013-03-04 18:37:30,344 - Log4JLogChute initialized using file 'velocity.log'
2013-03-04 18:37:30,344 - Initializing Velocity, Calling init()...
2013-03-04 18:37:30,345 - Starting Apache Velocity v1.7 (compiled: 2010-11-19 12:14:37)
2013-03-04 18:37:30,345 - Default Properties File: org/apache/velocity/runtime/defaults/velocity.properties
2013-03-04 18:37:30,345 - Trying to use logger class org.apache.velocity.runtime.log.AvalonLogChute
2013-03-04 18:37:30,345 - Target log system for org.apache.velocity.runtime.log.AvalonLogChute is not available (java.lang.NoClassDefFoundError: org/apache/log/format/Formatter).  Falling back to next log system...
2013-03-04 18:37:30,345 - Trying to use logger class org.apache.velocity.runtime.log.Log4JLogChute
2013-03-04 18:37:30,345 - Using logger class org.apache.velocity.runtime.log.Log4JLogChute
2013-03-04 18:37:30,348 - ResourceLoader instantiated: org.apache.velocity.runtime.resource.loader.FileResourceLoader
2013-03-04 18:37:30,349 - Do unicode file recognition:  false
2013-03-04 18:37:30,349 - FileResourceLoader : adding path '.'
2013-03-04 18:37:30,362 - ResourceCache: initialized (class org.apache.velocity.runtime.resource.ResourceCacheImpl) with class java.util.Collections$SynchronizedMap cache map.
2013-03-04 18:37:30,364 - Loaded System Directive: org.apache.velocity.runtime.directive.Stop
2013-03-04 18:37:30,364 - Loaded System Directive: org.apache.velocity.runtime.directive.Define
2013-03-04 18:37:30,365 - Loaded System Directive: org.apache.velocity.runtime.directive.Break
2013-03-04 18:37:30,365 - Loaded System Directive: org.apache.velocity.runtime.directive.Evaluate
2013-03-04 18:37:30,366 - Loaded System Directive: org.apache.velocity.runtime.directive.Literal
2013-03-04 18:37:30,366 - Loaded System Directive: org.apache.velocity.runtime.directive.Macro
2013-03-04 18:37:30,367 - Loaded System Directive: org.apache.velocity.runtime.directive.Parse
2013-03-04 18:37:30,368 - Loaded System Directive: org.apache.velocity.runtime.directive.Include
2013-03-04 18:37:30,369 - Loaded System Directive: org.apache.velocity.runtime.directive.Foreach
2013-03-04 18:37:30,393 - Created '20' parsers.
2013-03-04 18:37:30,397 - Velocimacro : "velocimacro.library" is not set.  Trying default library: VM_global_library.vm
2013-03-04 18:37:30,431 - Velocimacro : Default library not found.
2013-03-04 18:37:30,431 - Velocimacro : allowInline = true : VMs can be defined inline in templates
2013-03-04 18:37:30,431 - Velocimacro : allowInlineToOverride = false : VMs defined inline may NOT replace previous VM definitions
2013-03-04 18:37:30,431 - Velocimacro : allowInlineLocal = false : VMs defined inline will be global in scope if allowed.
2013-03-04 18:37:30,431 - Velocimacro : autoload off : VM system will not automatically reload global library macros
2013-03-04 18:40:35,602 - Log4JLogChute initialized using file 'velocity.log'
2013-03-04 18:40:35,614 - Initializing Velocity, Calling init()...
2013-03-04 18:40:35,614 - Starting Apache Velocity v1.7 (compiled: 2010-11-19 12:14:37)
2013-03-04 18:40:35,614 - Default Properties File: org/apache/velocity/runtime/defaults/velocity.properties
2013-03-04 18:40:35,614 - Trying to use logger class org.apache.velocity.runtime.log.AvalonLogChute
2013-03-04 18:40:35,614 - Target log system for org.apache.velocity.runtime.log.AvalonLogChute is not available (java.lang.NoClassDefFoundError: org/apache/log/format/Formatter).  Falling back to next log system...
2013-03-04 18:40:35,614 - Trying to use logger class org.apache.velocity.runtime.log.Log4JLogChute
2013-03-04 18:40:35,614 - Using logger class org.apache.velocity.runtime.log.Log4JLogChute
2013-03-04 18:40:35,618 - ResourceLoader instantiated: org.apache.velocity.runtime.resource.loader.FileResourceLoader
2013-03-04 18:40:35,619 - Do unicode file recognition:  false
2013-03-04 18:40:35,619 - FileResourceLoader : adding path '.'
2013-03-04 18:40:35,632 - ResourceCache: initialized (class org.apache.velocity.runtime.resource.ResourceCacheImpl) with class java.util.Collections$SynchronizedMap cache map.
2013-03-04 18:40:35,633 - Loaded System Directive: org.apache.velocity.runtime.directive.Stop
2013-03-04 18:40:35,634 - Loaded System Directive: org.apache.velocity.runtime.directive.Define
2013-03-04 18:40:35,634 - Loaded System Directive: org.apache.velocity.runtime.directive.Break
2013-03-04 18:40:35,635 - Loaded System Directive: org.apache.velocity.runtime.directive.Evaluate
2013-03-04 18:40:35,635 - Loaded System Directive: org.apache.velocity.runtime.directive.Literal
2013-03-04 18:40:35,636 - Loaded System Directive: org.apache.velocity.runtime.directive.Macro
2013-03-04 18:40:35,637 - Loaded System Directive: org.apache.velocity.runtime.directive.Parse
2013-03-04 18:40:35,638 - Loaded System Directive: org.apache.velocity.runtime.directive.Include
2013-03-04 18:40:35,639 - Loaded System Directive: org.apache.velocity.runtime.directive.Foreach
2013-03-04 18:40:35,663 - Created '20' parsers.
2013-03-04 18:40:35,667 - Velocimacro : "velocimacro.library" is not set.  Trying default library: VM_global_library.vm
2013-03-04 18:40:35,667 - Velocimacro : Default library not found.
2013-03-04 18:40:35,667 - Velocimacro : allowInline = true : VMs can be defined inline in templates
2013-03-04 18:40:35,667 - Velocimacro : allowInlineToOverride = false : VMs defined inline may NOT replace previous VM definitions
2013-03-04 18:40:35,667 - Velocimacro : allowInlineLocal = false : VMs defined inline will be global in scope if allowed.
2013-03-04 18:40:35,667 - Velocimacro : autoload off : VM system will not automatically reload global library macros
2013-03-04 18:46:22,979 - Log4JLogChute initialized using file 'velocity.log'
2013-03-04 18:46:22,994 - Initializing Velocity, Calling init()...
2013-03-04 18:46:22,994 - Starting Apache Velocity v1.7 (compiled: 2010-11-19 12:14:37)
2013-03-04 18:46:22,994 - Default Properties File: org/apache/velocity/runtime/defaults/velocity.properties
2013-03-04 18:46:22,994 - Trying to use logger class org.apache.velocity.runtime.log.AvalonLogChute
2013-03-04 18:46:22,994 - Target log system for org.apache.velocity.runtime.log.AvalonLogChute is not available (java.lang.NoClassDefFoundError: org/apache/log/format/Formatter).  Falling back to next log system...
2013-03-04 18:46:22,994 - Trying to use logger class org.apache.velocity.runtime.log.Log4JLogChute
2013-03-04 18:46:22,994 - Using logger class org.apache.velocity.runtime.log.Log4JLogChute
2013-03-04 18:46:22,998 - ResourceLoader instantiated: org.apache.velocity.runtime.resource.loader.FileResourceLoader
2013-03-04 18:46:22,999 - Do unicode file recognition:  false
2013-03-04 18:46:22,999 - FileResourceLoader : adding path '.'
2013-03-04 18:46:23,012 - ResourceCache: initialized (class org.apache.velocity.runtime.resource.ResourceCacheImpl) with class java.util.Collections$SynchronizedMap cache map.
2013-03-04 18:46:23,014 - Loaded System Directive: org.apache.velocity.runtime.directive.Stop
2013-03-04 18:46:23,015 - Loaded System Directive: org.apache.velocity.runtime.directive.Define
2013-03-04 18:46:23,015 - Loaded System Directive: org.apache.velocity.runtime.directive.Break
2013-03-04 18:46:23,016 - Loaded System Directive: org.apache.velocity.runtime.directive.Evaluate
2013-03-04 18:46:23,016 - Loaded System Directive: org.apache.velocity.runtime.directive.Literal
2013-03-04 18:46:23,017 - Loaded System Directive: org.apache.velocity.runtime.directive.Macro
2013-03-04 18:46:23,018 - Loaded System Directive: org.apache.velocity.runtime.directive.Parse
2013-03-04 18:46:23,019 - Loaded System Directive: org.apache.velocity.runtime.directive.Include
2013-03-04 18:46:23,020 - Loaded System Directive: org.apache.velocity.runtime.directive.Foreach
2013-03-04 18:46:23,044 - Created '20' parsers.
2013-03-04 18:46:23,048 - Velocimacro : "velocimacro.library" is not set.  Trying default library: VM_global_library.vm
2013-03-04 18:46:23,048 - Velocimacro : Default library not found.
2013-03-04 18:46:23,048 - Velocimacro : allowInline = true : VMs can be defined inline in templates
2013-03-04 18:46:23,048 - Velocimacro : allowInlineToOverride = false : VMs defined inline may NOT replace previous VM definitions
2013-03-04 18:46:23,048 - Velocimacro : allowInlineLocal = false : VMs defined inline will be global in scope if allowed.
2013-03-04 18:46:23,048 - Velocimacro : autoload off : VM system will not automatically reload global library macros
2013-03-06 11:01:41,513 - Log4JLogChute initialized using file 'velocity.log'
2013-03-06 11:01:41,529 - Initializing Velocity, Calling init()...
2013-03-06 11:01:41,529 - Starting Apache Velocity v1.7 (compiled: 2010-11-19 12:14:37)
2013-03-06 11:01:41,529 - Default Properties File: org/apache/velocity/runtime/defaults/velocity.properties
2013-03-06 11:01:41,529 - Trying to use logger class org.apache.velocity.runtime.log.AvalonLogChute
2013-03-06 11:01:41,529 - Target log system for org.apache.velocity.runtime.log.AvalonLogChute is not available (java.lang.NoClassDefFoundError: org/apache/log/format/Formatter).  Falling back to next log system...
2013-03-06 11:01:41,529 - Trying to use logger class org.apache.velocity.runtime.log.Log4JLogChute
2013-03-06 11:01:41,529 - Using logger class org.apache.velocity.runtime.log.Log4JLogChute
2013-03-06 11:01:41,533 - ResourceLoader instantiated: org.apache.velocity.runtime.resource.loader.FileResourceLoader
2013-03-06 11:01:41,534 - Do unicode file recognition:  false
2013-03-06 11:01:41,534 - FileResourceLoader : adding path '.'
2013-03-06 11:01:41,543 - ResourceCache: initialized (class org.apache.velocity.runtime.resource.ResourceCacheImpl) with class java.util.Collections$SynchronizedMap cache map.
2013-03-06 11:01:41,544 - Loaded System Directive: org.apache.velocity.runtime.directive.Stop
2013-03-06 11:01:41,545 - Loaded System Directive: org.apache.velocity.runtime.directive.Define
2013-03-06 11:01:41,546 - Loaded System Directive: org.apache.velocity.runtime.directive.Break
2013-03-06 11:01:41,546 - Loaded System Directive: org.apache.velocity.runtime.directive.Evaluate
2013-03-06 11:01:41,547 - Loaded System Directive: org.apache.velocity.runtime.directive.Literal
2013-03-06 11:01:41,548 - Loaded System Directive: org.apache.velocity.runtime.directive.Macro
2013-03-06 11:01:41,549 - Loaded System Directive: org.apache.velocity.runtime.directive.Parse
2013-03-06 11:01:41,550 - Loaded System Directive: org.apache.velocity.runtime.directive.Include
2013-03-06 11:01:41,550 - Loaded System Directive: org.apache.velocity.runtime.directive.Foreach
2013-03-06 11:01:41,575 - Created '20' parsers.
2013-03-06 11:01:41,579 - Velocimacro : "velocimacro.library" is not set.  Trying default library: VM_global_library.vm
2013-03-06 11:01:41,579 - Velocimacro : Default library not found.
2013-03-06 11:01:41,579 - Velocimacro : allowInline = true : VMs can be defined inline in templates
2013-03-06 11:01:41,579 - Velocimacro : allowInlineToOverride = false : VMs defined inline may NOT replace previous VM definitions
2013-03-06 11:01:41,579 - Velocimacro : allowInlineLocal = false : VMs defined inline will be global in scope if allowed.
2013-03-06 11:01:41,580 - Velocimacro : autoload off : VM system will not automatically reload global library macros
